<?xml version="1.0" encoding="UTF-8"?>
<testsuite name="SeleniumExample" tests="2" skipped="0" failures="0" errors="0" timestamp="2022-10-13T10:36:27" hostname="Manishs-MacBook-Pro.local" time="6.085">
  <properties/>
  <testcase name="browserInitTest" classname="SeleniumExample" time="2.142"/>
  <testcase name="seleniumWebsiteTest" classname="SeleniumExample" time="3.942"/>
  <system-out><![CDATA[]]></system-out>
  <system-err><![CDATA[]]></system-err>
</testsuite>
